  main.cpp
C:\GL\Tema2Pb3\Tema2Pb3\main.cpp(12,2): warning C4091: 'typedef ': ignored on left of 'punct' when no variable is declared
C:\GL\Tema2Pb3\Tema2Pb3\main.cpp(33,27): warning C4244: 'argument': conversion from 'float' to 'GLint', possible loss of data
C:\GL\Tema2Pb3\Tema2Pb3\main.cpp(33,18): warning C4244: 'argument': conversion from 'float' to 'GLint', possible loss of data
C:\GL\Tema2Pb3\Tema2Pb3\main.cpp(34,27): warning C4244: 'argument': conversion from 'float' to 'GLint', possible loss of data
C:\GL\Tema2Pb3\Tema2Pb3\main.cpp(34,18): warning C4244: 'argument': conversion from 'float' to 'GLint', possible loss of data
C:\GL\Tema2Pb3\Tema2Pb3\main.cpp(35,27): warning C4244: 'argument': conversion from 'float' to 'GLint', possible loss of data
C:\GL\Tema2Pb3\Tema2Pb3\main.cpp(35,18): warning C4244: 'argument': conversion from 'float' to 'GLint', possible loss of data
C:\GL\Tema2Pb3\Tema2Pb3\main.cpp(36,27): warning C4244: 'argument': conversion from 'float' to 'GLint', possible loss of data
C:\GL\Tema2Pb3\Tema2Pb3\main.cpp(36,18): warning C4244: 'argument': conversion from 'float' to 'GLint', possible loss of data
C:\GL\Tema2Pb3\Tema2Pb3\main.cpp(37,27): warning C4244: 'argument': conversion from 'float' to 'GLint', possible loss of data
C:\GL\Tema2Pb3\Tema2Pb3\main.cpp(37,18): warning C4244: 'argument': conversion from 'float' to 'GLint', possible loss of data
C:\GL\Tema2Pb3\Tema2Pb3\main.cpp(38,27): warning C4244: 'argument': conversion from 'float' to 'GLint', possible loss of data
C:\GL\Tema2Pb3\Tema2Pb3\main.cpp(38,18): warning C4244: 'argument': conversion from 'float' to 'GLint', possible loss of data
C:\GL\Tema2Pb3\Tema2Pb3\main.cpp(39,27): warning C4244: 'argument': conversion from 'float' to 'GLint', possible loss of data
C:\GL\Tema2Pb3\Tema2Pb3\main.cpp(39,18): warning C4244: 'argument': conversion from 'float' to 'GLint', possible loss of data
C:\GL\Tema2Pb3\Tema2Pb3\main.cpp(40,27): warning C4244: 'argument': conversion from 'float' to 'GLint', possible loss of data
C:\GL\Tema2Pb3\Tema2Pb3\main.cpp(40,18): warning C4244: 'argument': conversion from 'float' to 'GLint', possible loss of data
C:\GL\Tema2Pb3\Tema2Pb3\main.cpp(41,27): warning C4244: 'argument': conversion from 'float' to 'GLint', possible loss of data
C:\GL\Tema2Pb3\Tema2Pb3\main.cpp(41,18): warning C4244: 'argument': conversion from 'float' to 'GLint', possible loss of data
C:\GL\Tema2Pb3\Tema2Pb3\main.cpp(42,27): warning C4244: 'argument': conversion from 'float' to 'GLint', possible loss of data
C:\GL\Tema2Pb3\Tema2Pb3\main.cpp(42,18): warning C4244: 'argument': conversion from 'float' to 'GLint', possible loss of data
C:\GL\Tema2Pb3\Tema2Pb3\main.cpp(49,27): warning C4244: 'argument': conversion from 'float' to 'GLint', possible loss of data
C:\GL\Tema2Pb3\Tema2Pb3\main.cpp(49,18): warning C4244: 'argument': conversion from 'float' to 'GLint', possible loss of data
C:\GL\Tema2Pb3\Tema2Pb3\main.cpp(50,27): warning C4244: 'argument': conversion from 'float' to 'GLint', possible loss of data
C:\GL\Tema2Pb3\Tema2Pb3\main.cpp(50,18): warning C4244: 'argument': conversion from 'float' to 'GLint', possible loss of data
C:\GL\Tema2Pb3\Tema2Pb3\main.cpp(57,27): warning C4244: 'argument': conversion from 'float' to 'GLint', possible loss of data
C:\GL\Tema2Pb3\Tema2Pb3\main.cpp(57,18): warning C4244: 'argument': conversion from 'float' to 'GLint', possible loss of data
C:\GL\Tema2Pb3\Tema2Pb3\main.cpp(58,27): warning C4244: 'argument': conversion from 'float' to 'GLint', possible loss of data
C:\GL\Tema2Pb3\Tema2Pb3\main.cpp(58,18): warning C4244: 'argument': conversion from 'float' to 'GLint', possible loss of data
C:\GL\Tema2Pb3\Tema2Pb3\main.cpp(65,27): warning C4244: 'argument': conversion from 'float' to 'GLint', possible loss of data
C:\GL\Tema2Pb3\Tema2Pb3\main.cpp(65,18): warning C4244: 'argument': conversion from 'float' to 'GLint', possible loss of data
C:\GL\Tema2Pb3\Tema2Pb3\main.cpp(66,27): warning C4244: 'argument': conversion from 'float' to 'GLint', possible loss of data
C:\GL\Tema2Pb3\Tema2Pb3\main.cpp(66,18): warning C4244: 'argument': conversion from 'float' to 'GLint', possible loss of data
C:\GL\Tema2Pb3\Tema2Pb3\main.cpp(74,27): warning C4244: 'argument': conversion from 'float' to 'GLint', possible loss of data
C:\GL\Tema2Pb3\Tema2Pb3\main.cpp(74,18): warning C4244: 'argument': conversion from 'float' to 'GLint', possible loss of data
C:\GL\Tema2Pb3\Tema2Pb3\main.cpp(76,27): warning C4244: 'argument': conversion from 'float' to 'GLint', possible loss of data
C:\GL\Tema2Pb3\Tema2Pb3\main.cpp(76,18): warning C4244: 'argument': conversion from 'float' to 'GLint', possible loss of data
C:\GL\Tema2Pb3\Tema2Pb3\main.cpp(78,27): warning C4244: 'argument': conversion from 'float' to 'GLint', possible loss of data
C:\GL\Tema2Pb3\Tema2Pb3\main.cpp(78,18): warning C4244: 'argument': conversion from 'float' to 'GLint', possible loss of data
C:\GL\Tema2Pb3\Tema2Pb3\main.cpp(80,27): warning C4244: 'argument': conversion from 'float' to 'GLint', possible loss of data
C:\GL\Tema2Pb3\Tema2Pb3\main.cpp(80,18): warning C4244: 'argument': conversion from 'float' to 'GLint', possible loss of data
C:\GL\Tema2Pb3\Tema2Pb3\main.cpp(82,27): warning C4244: 'argument': conversion from 'float' to 'GLint', possible loss of data
C:\GL\Tema2Pb3\Tema2Pb3\main.cpp(82,18): warning C4244: 'argument': conversion from 'float' to 'GLint', possible loss of data
C:\GL\Tema2Pb3\Tema2Pb3\main.cpp(84,27): warning C4244: 'argument': conversion from 'float' to 'GLint', possible loss of data
C:\GL\Tema2Pb3\Tema2Pb3\main.cpp(84,18): warning C4244: 'argument': conversion from 'float' to 'GLint', possible loss of data
C:\GL\Tema2Pb3\Tema2Pb3\main.cpp(86,27): warning C4244: 'argument': conversion from 'float' to 'GLint', possible loss of data
C:\GL\Tema2Pb3\Tema2Pb3\main.cpp(86,18): warning C4244: 'argument': conversion from 'float' to 'GLint', possible loss of data
C:\GL\Tema2Pb3\Tema2Pb3\main.cpp(88,27): warning C4244: 'argument': conversion from 'float' to 'GLint', possible loss of data
C:\GL\Tema2Pb3\Tema2Pb3\main.cpp(88,18): warning C4244: 'argument': conversion from 'float' to 'GLint', possible loss of data
C:\GL\Tema2Pb3\Tema2Pb3\main.cpp(95,1): warning C4326: return type of 'main' should be 'int' instead of 'void'
  Tema2Pb3.vcxproj -> C:\GL\Tema2Pb3\Debug\Tema2Pb3.exe
